<?xml version="1.0" encoding="UTF-8"?>
<testng-results ignored="0" total="2" passed="2" failed="0" skipped="0">
  <reporter-output>
  </reporter-output>
  <suite started-at="2022-08-19T17:09:31 IST" name="Suite" finished-at="2022-08-19T17:10:03 IST" duration-ms="32608">
    <groups>
    </groups>
    <test started-at="2022-08-19T17:09:31 IST" name="Test" finished-at="2022-08-19T17:10:03 IST" duration-ms="32608">
      <class name="testcase.MergeLead">
        <test-method is-config="true" signature="preCondition()[pri:0, instance:testcase.MergeLead@957e06]" started-at="2022-08-19T17:09:31 IST" name="preCondition" finished-at="2022-08-19T17:09:39 IST" duration-ms="7733" status="PASS">
          <reporter-output>
          </reporter-output>
        </test-method> <!-- preCondition -->
        <test-method signature="mergeLead()[pri:0, instance:testcase.MergeLead@957e06]" started-at="2022-08-19T17:09:39 IST" name="mergeLead" finished-at="2022-08-19T17:09:49 IST" duration-ms="10513" status="PASS">
          <reporter-output>
          </reporter-output>
        </test-method> <!-- mergeLead -->
        <test-method is-config="true" signature="postCondition()[pri:0, instance:testcase.MergeLead@957e06]" started-at="2022-08-19T17:09:49 IST" name="postCondition" finished-at="2022-08-19T17:09:49 IST" duration-ms="272" status="PASS">
          <reporter-output>
          </reporter-output>
        </test-method> <!-- postCondition -->
      </class> <!-- testcase.MergeLead -->
      <class name="testcase.DuplicateLead">
        <test-method is-config="true" signature="preCondition()[pri:0, instance:testcase.DuplicateLead@a38c7fe]" started-at="2022-08-19T17:09:49 IST" name="preCondition" finished-at="2022-08-19T17:09:54 IST" duration-ms="5122" status="PASS">
          <reporter-output>
          </reporter-output>
        </test-method> <!-- preCondition -->
        <test-method signature="duplicateLead()[pri:0, instance:testcase.DuplicateLead@a38c7fe]" started-at="2022-08-19T17:09:54 IST" name="duplicateLead" finished-at="2022-08-19T17:10:03 IST" duration-ms="8764" status="PASS">
          <reporter-output>
          </reporter-output>
        </test-method> <!-- duplicateLead -->
        <test-method is-config="true" signature="postCondition()[pri:0, instance:testcase.DuplicateLead@a38c7fe]" started-at="2022-08-19T17:10:03 IST" name="postCondition" finished-at="2022-08-19T17:10:03 IST" duration-ms="163" status="PASS">
          <reporter-output>
          </reporter-output>
        </test-method> <!-- postCondition -->
      </class> <!-- testcase.DuplicateLead -->
    </test> <!-- Test -->
  </suite> <!-- Suite -->
</testng-results>
